execve("./hello-syscall", ["hello-syscall"], [/* 52 vars */]) = 0
brk(0)                                  = 0x146b000
mmap(NULL, 4096, PROT_READ|PROT_WRITE, MAP_PRIVATE|MAP_ANONYMOUS, -1, 0) = 0x7f88a2d0f000
access("/etc/ld.so.preload", R_OK)      = -1 ENOENT (No such file or directory)
open("/etc/ld.so.cache", O_RDONLY|O_CLOEXEC) = 3
fstat(3, {st_mode=S_IFREG|0644, st_size=135974, ...}) = 0
mmap(NULL, 135974, PROT_READ, MAP_PRIVATE, 3, 0) = 0x7f88a2ced000
close(3)                                = 0
open("/lib64/libc.so.6", O_RDONLY|O_CLOEXEC) = 3
read(3, "\177ELF\2\1\1\3\0\0\0\0\0\0\0\0\3\0>\0\1\0\0\0\300J\2\0\0\0\0\0"..., 832) = 832
fstat(3, {st_mode=S_IFREG|0755, st_size=2011466, ...}) = 0
mmap(NULL, 3828896, PROT_READ|PROT_EXEC, MAP_PRIVATE|MAP_DENYWRITE, 3, 0) = 0x7f88a2748000
mprotect(0x7f88a28e6000, 2093056, PROT_NONE) = 0
mmap(0x7f88a2ae5000, 24576, PROT_READ|PROT_WRITE, MAP_PRIVATE|MAP_FIXED|MAP_DENYWRITE, 3, 0x19d000) = 0x7f88a2ae5000
mmap(0x7f88a2aeb000, 15520, PROT_READ|PROT_WRITE, MAP_PRIVATE|MAP_FIXED|MAP_ANONYMOUS, -1, 0) = 0x7f88a2aeb000
close(3)                                = 0
mmap(NULL, 4096, PROT_READ|PROT_WRITE, MAP_PRIVATE|MAP_ANONYMOUS, -1, 0) = 0x7f88a2cec000
mmap(NULL, 4096, PROT_READ|PROT_WRITE, MAP_PRIVATE|MAP_ANONYMOUS, -1, 0) = 0x7f88a2ceb000
mmap(NULL, 4096, PROT_READ|PROT_WRITE, MAP_PRIVATE|MAP_ANONYMOUS, -1, 0) = 0x7f88a2cea000
arch_prctl(ARCH_SET_FS, 0x7f88a2ceb700) = 0
mprotect(0x7f88a2ae5000, 16384, PROT_READ) = 0
mprotect(0x600000, 4096, PROT_READ)     = 0
mprotect(0x7f88a2d10000, 4096, PROT_READ) = 0
munmap(0x7f88a2ced000, 135974)          = 0
write(1, "Hello World without sysca", 25) = 25
write(1, "Hello World with syscall\n", 25) = 25
fstat(1, {st_mode=S_IFCHR|0620, st_rdev=makedev(136, 0), ...}) = 0
mmap(NULL, 4096, PROT_READ|PROT_WRITE, MAP_PRIVATE|MAP_ANONYMOUS, -1, 0) = 0x7f88a2d0e000
write(1, "Hello World with printf\n", 24) = 24
write(1, "\n", 1)                       = 1
exit_group(25)                          = ?
+++ exited with 25 +++
